[2023-01-24T12:56:11.044+0000] {taskinstance.py:1083} INFO - Dependencies all met for <TaskInstance: etl_pipeline.extract_data manual__2023-01-24T12:56:08.528367+00:00 [queued]>
[2023-01-24T12:56:11.055+0000] {taskinstance.py:1083} INFO - Dependencies all met for <TaskInstance: etl_pipeline.extract_data manual__2023-01-24T12:56:08.528367+00:00 [queued]>
[2023-01-24T12:56:11.057+0000] {taskinstance.py:1279} INFO - 
--------------------------------------------------------------------------------
[2023-01-24T12:56:11.060+0000] {taskinstance.py:1280} INFO - Starting attempt 1 of 3
[2023-01-24T12:56:11.060+0000] {taskinstance.py:1281} INFO - 
--------------------------------------------------------------------------------
[2023-01-24T12:56:11.071+0000] {taskinstance.py:1300} INFO - Executing <Task(PythonOperator): extract_data> on 2023-01-24 12:56:08.528367+00:00
[2023-01-24T12:56:11.079+0000] {standard_task_runner.py:55} INFO - Started process 247 to run task
[2023-01-24T12:56:11.083+0000] {standard_task_runner.py:82} INFO - Running: ['***', 'tasks', 'run', 'etl_pipeline', 'extract_data', 'manual__2023-01-24T12:56:08.528367+00:00', '--job-id', '161', '--raw', '--subdir', 'DAGS_FOLDER/pipeline.py', '--cfg-path', '/tmp/tmp1cg8s3a2']
[2023-01-24T12:56:11.089+0000] {standard_task_runner.py:83} INFO - Job 161: Subtask extract_data
[2023-01-24T12:56:11.104+0000] {logging_mixin.py:137} WARNING - /home/***/.local/lib/python3.7/site-packages/***/settings.py:249 DeprecationWarning: The sql_alchemy_conn option in [core] has been moved to the sql_alchemy_conn option in [database] - the old setting has been used, but please update your config.
[2023-01-24T12:56:11.148+0000] {task_command.py:388} INFO - Running <TaskInstance: etl_pipeline.extract_data manual__2023-01-24T12:56:08.528367+00:00 [running]> on host 1b696c32fad4
[2023-01-24T12:56:11.217+0000] {taskinstance.py:1509} INFO - Exporting the following env vars:
AIRFLOW_CTX_DAG_OWNER=abdessamad
AIRFLOW_CTX_DAG_ID=etl_pipeline
AIRFLOW_CTX_TASK_ID=extract_data
AIRFLOW_CTX_EXECUTION_DATE=2023-01-24T12:56:08.528367+00:00
AIRFLOW_CTX_TRY_NUMBER=1
AIRFLOW_CTX_DAG_RUN_ID=manual__2023-01-24T12:56:08.528367+00:00
[2023-01-24T12:56:39.619+0000] {logging_mixin.py:137} INFO - Error
[2023-01-24T12:56:39.689+0000] {logging_mixin.py:137} INFO - Error
[2023-01-24T12:56:39.744+0000] {logging_mixin.py:137} INFO - Error
[2023-01-24T12:56:39.803+0000] {logging_mixin.py:137} INFO - Error
[2023-01-24T12:56:39.853+0000] {logging_mixin.py:137} INFO - Error
[2023-01-24T12:56:40.936+0000] {python.py:177} INFO - Done. Returned value was: None
[2023-01-24T12:56:40.958+0000] {taskinstance.py:1323} INFO - Marking task as SUCCESS. dag_id=etl_pipeline, task_id=extract_data, execution_date=20230124T125608, start_date=20230124T125611, end_date=20230124T125640
[2023-01-24T12:56:41.011+0000] {local_task_job.py:208} INFO - Task exited with return code 0
[2023-01-24T12:56:41.090+0000] {taskinstance.py:2578} INFO - 1 downstream tasks scheduled from follow-on schedule check
