[2023-01-23T15:55:37.623+0000] {taskinstance.py:1083} INFO - Dependencies all met for <TaskInstance: data_extraction_and_loading_15.extract_data manual__2023-01-23T15:55:36.660474+00:00 [queued]>
[2023-01-23T15:55:37.629+0000] {taskinstance.py:1083} INFO - Dependencies all met for <TaskInstance: data_extraction_and_loading_15.extract_data manual__2023-01-23T15:55:36.660474+00:00 [queued]>
[2023-01-23T15:55:37.630+0000] {taskinstance.py:1279} INFO - 
--------------------------------------------------------------------------------
[2023-01-23T15:55:37.631+0000] {taskinstance.py:1280} INFO - Starting attempt 1 of 3
[2023-01-23T15:55:37.632+0000] {taskinstance.py:1281} INFO - 
--------------------------------------------------------------------------------
[2023-01-23T15:55:37.643+0000] {taskinstance.py:1300} INFO - Executing <Task(PythonOperator): extract_data> on 2023-01-23 15:55:36.660474+00:00
[2023-01-23T15:55:37.650+0000] {standard_task_runner.py:55} INFO - Started process 4351 to run task
[2023-01-23T15:55:37.654+0000] {standard_task_runner.py:82} INFO - Running: ['***', 'tasks', 'run', 'data_extraction_and_loading_15', 'extract_data', 'manual__2023-01-23T15:55:36.660474+00:00', '--job-id', '146', '--raw', '--subdir', 'DAGS_FOLDER/pipeline.py', '--cfg-path', '/tmp/tmp4fioscrx']
[2023-01-23T15:55:37.657+0000] {standard_task_runner.py:83} INFO - Job 146: Subtask extract_data
[2023-01-23T15:55:37.679+0000] {logging_mixin.py:137} WARNING - /home/***/.local/lib/python3.7/site-packages/***/settings.py:249 DeprecationWarning: The sql_alchemy_conn option in [core] has been moved to the sql_alchemy_conn option in [database] - the old setting has been used, but please update your config.
[2023-01-23T15:55:37.732+0000] {task_command.py:388} INFO - Running <TaskInstance: data_extraction_and_loading_15.extract_data manual__2023-01-23T15:55:36.660474+00:00 [running]> on host 1b696c32fad4
[2023-01-23T15:55:37.790+0000] {taskinstance.py:1509} INFO - Exporting the following env vars:
AIRFLOW_CTX_DAG_OWNER=abdessamad
AIRFLOW_CTX_DAG_ID=data_extraction_and_loading_15
AIRFLOW_CTX_TASK_ID=extract_data
AIRFLOW_CTX_EXECUTION_DATE=2023-01-23T15:55:36.660474+00:00
AIRFLOW_CTX_TRY_NUMBER=1
AIRFLOW_CTX_DAG_RUN_ID=manual__2023-01-23T15:55:36.660474+00:00
[2023-01-23T15:56:07.501+0000] {logging_mixin.py:137} INFO - Error
[2023-01-23T15:56:07.575+0000] {logging_mixin.py:137} INFO - Error
[2023-01-23T15:56:07.697+0000] {logging_mixin.py:137} INFO - Error
[2023-01-23T15:56:07.827+0000] {logging_mixin.py:137} INFO - Error
[2023-01-23T15:56:08.791+0000] {python.py:177} INFO - Done. Returned value was: None
[2023-01-23T15:56:08.830+0000] {taskinstance.py:1323} INFO - Marking task as SUCCESS. dag_id=data_extraction_and_loading_15, task_id=extract_data, execution_date=20230123T155536, start_date=20230123T155537, end_date=20230123T155608
[2023-01-23T15:56:08.904+0000] {local_task_job.py:208} INFO - Task exited with return code 0
[2023-01-23T15:56:08.952+0000] {taskinstance.py:2578} INFO - 0 downstream tasks scheduled from follow-on schedule check
