[2023-01-23T20:55:44.491+0000] {taskinstance.py:1083} INFO - Dependencies all met for <TaskInstance: data_extraction_and_loading_19.extract_data manual__2023-01-23T20:55:42.998054+00:00 [queued]>
[2023-01-23T20:55:44.502+0000] {taskinstance.py:1083} INFO - Dependencies all met for <TaskInstance: data_extraction_and_loading_19.extract_data manual__2023-01-23T20:55:42.998054+00:00 [queued]>
[2023-01-23T20:55:44.503+0000] {taskinstance.py:1279} INFO - 
--------------------------------------------------------------------------------
[2023-01-23T20:55:44.504+0000] {taskinstance.py:1280} INFO - Starting attempt 1 of 3
[2023-01-23T20:55:44.505+0000] {taskinstance.py:1281} INFO - 
--------------------------------------------------------------------------------
[2023-01-23T20:55:44.516+0000] {taskinstance.py:1300} INFO - Executing <Task(PythonOperator): extract_data> on 2023-01-23 20:55:42.998054+00:00
[2023-01-23T20:55:44.525+0000] {standard_task_runner.py:55} INFO - Started process 12814 to run task
[2023-01-23T20:55:44.534+0000] {standard_task_runner.py:82} INFO - Running: ['***', 'tasks', 'run', 'data_extraction_and_loading_19', 'extract_data', 'manual__2023-01-23T20:55:42.998054+00:00', '--job-id', '153', '--raw', '--subdir', 'DAGS_FOLDER/pipeline.py', '--cfg-path', '/tmp/tmppd0xgw7f']
[2023-01-23T20:55:44.541+0000] {standard_task_runner.py:83} INFO - Job 153: Subtask extract_data
[2023-01-23T20:55:44.557+0000] {logging_mixin.py:137} WARNING - /home/***/.local/lib/python3.7/site-packages/***/settings.py:249 DeprecationWarning: The sql_alchemy_conn option in [core] has been moved to the sql_alchemy_conn option in [database] - the old setting has been used, but please update your config.
[2023-01-23T20:55:44.606+0000] {task_command.py:388} INFO - Running <TaskInstance: data_extraction_and_loading_19.extract_data manual__2023-01-23T20:55:42.998054+00:00 [running]> on host 1b696c32fad4
[2023-01-23T20:55:44.672+0000] {taskinstance.py:1509} INFO - Exporting the following env vars:
AIRFLOW_CTX_DAG_OWNER=abdessamad
AIRFLOW_CTX_DAG_ID=data_extraction_and_loading_19
AIRFLOW_CTX_TASK_ID=extract_data
AIRFLOW_CTX_EXECUTION_DATE=2023-01-23T20:55:42.998054+00:00
AIRFLOW_CTX_TRY_NUMBER=1
AIRFLOW_CTX_DAG_RUN_ID=manual__2023-01-23T20:55:42.998054+00:00
[2023-01-23T20:56:19.614+0000] {logging_mixin.py:137} INFO - Error
[2023-01-23T20:56:19.712+0000] {logging_mixin.py:137} INFO - Error
[2023-01-23T20:56:19.785+0000] {logging_mixin.py:137} INFO - Error
[2023-01-23T20:56:19.842+0000] {logging_mixin.py:137} INFO - Error
[2023-01-23T20:56:21.175+0000] {python.py:177} INFO - Done. Returned value was: None
[2023-01-23T20:56:21.193+0000] {taskinstance.py:1323} INFO - Marking task as SUCCESS. dag_id=data_extraction_and_loading_19, task_id=extract_data, execution_date=20230123T205542, start_date=20230123T205544, end_date=20230123T205621
[2023-01-23T20:56:21.245+0000] {local_task_job.py:208} INFO - Task exited with return code 0
[2023-01-23T20:56:21.274+0000] {taskinstance.py:2578} INFO - 1 downstream tasks scheduled from follow-on schedule check
