[2023-01-23T15:56:09.423+0000] {taskinstance.py:1083} INFO - Dependencies all met for <TaskInstance: data_extraction_and_loading_15.load_data manual__2023-01-23T15:55:36.660474+00:00 [queued]>
[2023-01-23T15:56:09.430+0000] {taskinstance.py:1083} INFO - Dependencies all met for <TaskInstance: data_extraction_and_loading_15.load_data manual__2023-01-23T15:55:36.660474+00:00 [queued]>
[2023-01-23T15:56:09.431+0000] {taskinstance.py:1279} INFO - 
--------------------------------------------------------------------------------
[2023-01-23T15:56:09.432+0000] {taskinstance.py:1280} INFO - Starting attempt 1 of 3
[2023-01-23T15:56:09.433+0000] {taskinstance.py:1281} INFO - 
--------------------------------------------------------------------------------
[2023-01-23T15:56:09.441+0000] {taskinstance.py:1300} INFO - Executing <Task(PythonOperator): load_data> on 2023-01-23 15:55:36.660474+00:00
[2023-01-23T15:56:09.446+0000] {standard_task_runner.py:55} INFO - Started process 4370 to run task
[2023-01-23T15:56:09.449+0000] {standard_task_runner.py:82} INFO - Running: ['***', 'tasks', 'run', 'data_extraction_and_loading_15', 'load_data', 'manual__2023-01-23T15:55:36.660474+00:00', '--job-id', '147', '--raw', '--subdir', 'DAGS_FOLDER/pipeline.py', '--cfg-path', '/tmp/tmpmdfsssim']
[2023-01-23T15:56:09.451+0000] {standard_task_runner.py:83} INFO - Job 147: Subtask load_data
[2023-01-23T15:56:09.463+0000] {logging_mixin.py:137} WARNING - /home/***/.local/lib/python3.7/site-packages/***/settings.py:249 DeprecationWarning: The sql_alchemy_conn option in [core] has been moved to the sql_alchemy_conn option in [database] - the old setting has been used, but please update your config.
[2023-01-23T15:56:09.502+0000] {task_command.py:388} INFO - Running <TaskInstance: data_extraction_and_loading_15.load_data manual__2023-01-23T15:55:36.660474+00:00 [running]> on host 1b696c32fad4
[2023-01-23T15:56:09.544+0000] {taskinstance.py:1509} INFO - Exporting the following env vars:
AIRFLOW_CTX_DAG_OWNER=abdessamad
AIRFLOW_CTX_DAG_ID=data_extraction_and_loading_15
AIRFLOW_CTX_TASK_ID=load_data
AIRFLOW_CTX_EXECUTION_DATE=2023-01-23T15:55:36.660474+00:00
AIRFLOW_CTX_TRY_NUMBER=1
AIRFLOW_CTX_DAG_RUN_ID=manual__2023-01-23T15:55:36.660474+00:00
[2023-01-23T15:56:09.553+0000] {logging_mixin.py:137} INFO - this is the data:  None
[2023-01-23T15:56:09.554+0000] {python.py:177} INFO - Done. Returned value was: None
[2023-01-23T15:56:09.560+0000] {taskinstance.py:1323} INFO - Marking task as SUCCESS. dag_id=data_extraction_and_loading_15, task_id=load_data, execution_date=20230123T155536, start_date=20230123T155609, end_date=20230123T155609
[2023-01-23T15:56:09.581+0000] {local_task_job.py:208} INFO - Task exited with return code 0
[2023-01-23T15:56:09.593+0000] {taskinstance.py:2578} INFO - 0 downstream tasks scheduled from follow-on schedule check
