[2023-01-23T15:32:59.151+0000] {taskinstance.py:1083} INFO - Dependencies all met for <TaskInstance: data_extraction_and_loading_10.load_data manual__2023-01-23T15:32:57.224171+00:00 [queued]>
[2023-01-23T15:32:59.158+0000] {taskinstance.py:1083} INFO - Dependencies all met for <TaskInstance: data_extraction_and_loading_10.load_data manual__2023-01-23T15:32:57.224171+00:00 [queued]>
[2023-01-23T15:32:59.159+0000] {taskinstance.py:1279} INFO - 
--------------------------------------------------------------------------------
[2023-01-23T15:32:59.160+0000] {taskinstance.py:1280} INFO - Starting attempt 1 of 2
[2023-01-23T15:32:59.161+0000] {taskinstance.py:1281} INFO - 
--------------------------------------------------------------------------------
[2023-01-23T15:32:59.170+0000] {taskinstance.py:1300} INFO - Executing <Task(PythonOperator): load_data> on 2023-01-23 15:32:57.224171+00:00
[2023-01-23T15:32:59.201+0000] {standard_task_runner.py:55} INFO - Started process 3593 to run task
[2023-01-23T15:32:59.207+0000] {standard_task_runner.py:82} INFO - Running: ['***', 'tasks', 'run', 'data_extraction_and_loading_10', 'load_data', 'manual__2023-01-23T15:32:57.224171+00:00', '--job-id', '138', '--raw', '--subdir', 'DAGS_FOLDER/pipeline.py', '--cfg-path', '/tmp/tmpc0cr87_f']
[2023-01-23T15:32:59.210+0000] {standard_task_runner.py:83} INFO - Job 138: Subtask load_data
[2023-01-23T15:32:59.226+0000] {logging_mixin.py:137} WARNING - /home/***/.local/lib/python3.7/site-packages/***/settings.py:249 DeprecationWarning: The sql_alchemy_conn option in [core] has been moved to the sql_alchemy_conn option in [database] - the old setting has been used, but please update your config.
[2023-01-23T15:32:59.268+0000] {task_command.py:388} INFO - Running <TaskInstance: data_extraction_and_loading_10.load_data manual__2023-01-23T15:32:57.224171+00:00 [running]> on host 1b696c32fad4
[2023-01-23T15:32:59.319+0000] {taskinstance.py:1509} INFO - Exporting the following env vars:
AIRFLOW_CTX_DAG_OWNER=abdessamad
AIRFLOW_CTX_DAG_ID=data_extraction_and_loading_10
AIRFLOW_CTX_TASK_ID=load_data
AIRFLOW_CTX_EXECUTION_DATE=2023-01-23T15:32:57.224171+00:00
AIRFLOW_CTX_TRY_NUMBER=1
AIRFLOW_CTX_DAG_RUN_ID=manual__2023-01-23T15:32:57.224171+00:00
[2023-01-23T15:32:59.327+0000] {logging_mixin.py:137} INFO - None
[2023-01-23T15:32:59.328+0000] {python.py:177} INFO - Done. Returned value was: None
[2023-01-23T15:32:59.335+0000] {taskinstance.py:1323} INFO - Marking task as SUCCESS. dag_id=data_extraction_and_loading_10, task_id=load_data, execution_date=20230123T153257, start_date=20230123T153259, end_date=20230123T153259
[2023-01-23T15:32:59.383+0000] {local_task_job.py:208} INFO - Task exited with return code 0
[2023-01-23T15:32:59.397+0000] {taskinstance.py:2578} INFO - 0 downstream tasks scheduled from follow-on schedule check
