[2023-01-23T14:40:06.966+0000] {taskinstance.py:1083} INFO - Dependencies all met for <TaskInstance: data_extraction_and_loading_3.extract_data scheduled__2022-02-04T00:00:00+00:00 [queued]>
[2023-01-23T14:40:07.147+0000] {taskinstance.py:1083} INFO - Dependencies all met for <TaskInstance: data_extraction_and_loading_3.extract_data scheduled__2022-02-04T00:00:00+00:00 [queued]>
[2023-01-23T14:40:07.151+0000] {taskinstance.py:1279} INFO - 
--------------------------------------------------------------------------------
[2023-01-23T14:40:07.153+0000] {taskinstance.py:1280} INFO - Starting attempt 2 of 2
[2023-01-23T14:40:07.154+0000] {taskinstance.py:1281} INFO - 
--------------------------------------------------------------------------------
[2023-01-23T14:40:07.378+0000] {taskinstance.py:1300} INFO - Executing <Task(PythonOperator): extract_data> on 2022-02-04 00:00:00+00:00
[2023-01-23T14:40:07.520+0000] {standard_task_runner.py:55} INFO - Started process 1840 to run task
[2023-01-23T14:40:07.571+0000] {standard_task_runner.py:82} INFO - Running: ['***', 'tasks', 'run', 'data_extraction_and_loading_3', 'extract_data', 'scheduled__2022-02-04T00:00:00+00:00', '--job-id', '89', '--raw', '--subdir', 'DAGS_FOLDER/pipeline.py', '--cfg-path', '/tmp/tmp7ebi_txx']
[2023-01-23T14:40:07.647+0000] {standard_task_runner.py:83} INFO - Job 89: Subtask extract_data
[2023-01-23T14:40:07.749+0000] {logging_mixin.py:137} WARNING - /home/***/.local/lib/python3.7/site-packages/***/settings.py:249 DeprecationWarning: The sql_alchemy_conn option in [core] has been moved to the sql_alchemy_conn option in [database] - the old setting has been used, but please update your config.
[2023-01-23T14:40:07.950+0000] {logging_mixin.py:137} WARNING - /home/***/.local/lib/python3.7/site-packages/***/utils/sqlalchemy.py:124 DeprecationWarning: The sql_alchemy_conn option in [core] has been moved to the sql_alchemy_conn option in [database] - the old setting has been used, but please update your config.
[2023-01-23T14:40:08.207+0000] {task_command.py:388} INFO - Running <TaskInstance: data_extraction_and_loading_3.extract_data scheduled__2022-02-04T00:00:00+00:00 [running]> on host 1b696c32fad4
[2023-01-23T14:40:08.787+0000] {taskinstance.py:1509} INFO - Exporting the following env vars:
AIRFLOW_CTX_DAG_OWNER=abdessamad
AIRFLOW_CTX_DAG_ID=data_extraction_and_loading_3
AIRFLOW_CTX_TASK_ID=extract_data
AIRFLOW_CTX_EXECUTION_DATE=2022-02-04T00:00:00+00:00
AIRFLOW_CTX_TRY_NUMBER=2
AIRFLOW_CTX_DAG_RUN_ID=scheduled__2022-02-04T00:00:00+00:00
[2023-01-23T14:42:52.445+0000] {logging_mixin.py:137} INFO - Error
[2023-01-23T14:42:52.523+0000] {logging_mixin.py:137} INFO - Error
[2023-01-23T14:42:52.596+0000] {logging_mixin.py:137} INFO - Error
[2023-01-23T14:42:52.655+0000] {logging_mixin.py:137} INFO - Error
[2023-01-23T14:42:52.708+0000] {logging_mixin.py:137} INFO - Error
[2023-01-23T14:42:52.711+0000] {python.py:177} INFO - Done. Returned value was: None
[2023-01-23T14:42:52.732+0000] {taskinstance.py:1323} INFO - Marking task as SUCCESS. dag_id=data_extraction_and_loading_3, task_id=extract_data, execution_date=20220204T000000, start_date=20230123T144007, end_date=20230123T144252
[2023-01-23T14:42:52.806+0000] {local_task_job.py:208} INFO - Task exited with return code 0
[2023-01-23T14:42:52.842+0000] {taskinstance.py:2578} INFO - 1 downstream tasks scheduled from follow-on schedule check
