[2023-01-23T15:41:24.704+0000] {taskinstance.py:1083} INFO - Dependencies all met for <TaskInstance: data_extraction_and_loading_13.extract_data manual__2023-01-23T15:41:23.188480+00:00 [queued]>
[2023-01-23T15:41:24.711+0000] {taskinstance.py:1083} INFO - Dependencies all met for <TaskInstance: data_extraction_and_loading_13.extract_data manual__2023-01-23T15:41:23.188480+00:00 [queued]>
[2023-01-23T15:41:24.712+0000] {taskinstance.py:1279} INFO - 
--------------------------------------------------------------------------------
[2023-01-23T15:41:24.713+0000] {taskinstance.py:1280} INFO - Starting attempt 1 of 3
[2023-01-23T15:41:24.714+0000] {taskinstance.py:1281} INFO - 
--------------------------------------------------------------------------------
[2023-01-23T15:41:24.722+0000] {taskinstance.py:1300} INFO - Executing <Task(PythonOperator): extract_data> on 2023-01-23 15:41:23.188480+00:00
[2023-01-23T15:41:24.728+0000] {standard_task_runner.py:55} INFO - Started process 3873 to run task
[2023-01-23T15:41:24.732+0000] {standard_task_runner.py:82} INFO - Running: ['***', 'tasks', 'run', 'data_extraction_and_loading_13', 'extract_data', 'manual__2023-01-23T15:41:23.188480+00:00', '--job-id', '143', '--raw', '--subdir', 'DAGS_FOLDER/pipeline.py', '--cfg-path', '/tmp/tmp_w26jy4k']
[2023-01-23T15:41:24.735+0000] {standard_task_runner.py:83} INFO - Job 143: Subtask extract_data
[2023-01-23T15:41:24.751+0000] {logging_mixin.py:137} WARNING - /home/***/.local/lib/python3.7/site-packages/***/settings.py:249 DeprecationWarning: The sql_alchemy_conn option in [core] has been moved to the sql_alchemy_conn option in [database] - the old setting has been used, but please update your config.
[2023-01-23T15:41:24.794+0000] {task_command.py:388} INFO - Running <TaskInstance: data_extraction_and_loading_13.extract_data manual__2023-01-23T15:41:23.188480+00:00 [running]> on host 1b696c32fad4
[2023-01-23T15:41:24.838+0000] {taskinstance.py:1509} INFO - Exporting the following env vars:
AIRFLOW_CTX_DAG_OWNER=abdessamad
AIRFLOW_CTX_DAG_ID=data_extraction_and_loading_13
AIRFLOW_CTX_TASK_ID=extract_data
AIRFLOW_CTX_EXECUTION_DATE=2023-01-23T15:41:23.188480+00:00
AIRFLOW_CTX_TRY_NUMBER=1
AIRFLOW_CTX_DAG_RUN_ID=manual__2023-01-23T15:41:23.188480+00:00
[2023-01-23T15:41:24.848+0000] {python.py:177} INFO - Done. Returned value was: None
[2023-01-23T15:41:24.857+0000] {taskinstance.py:1323} INFO - Marking task as SUCCESS. dag_id=data_extraction_and_loading_13, task_id=extract_data, execution_date=20230123T154123, start_date=20230123T154124, end_date=20230123T154124
[2023-01-23T15:41:24.908+0000] {local_task_job.py:208} INFO - Task exited with return code 0
[2023-01-23T15:41:24.923+0000] {taskinstance.py:2578} INFO - 1 downstream tasks scheduled from follow-on schedule check
