[2023-01-23T15:41:25.487+0000] {taskinstance.py:1083} INFO - Dependencies all met for <TaskInstance: data_extraction_and_loading_13.load_data manual__2023-01-23T15:41:23.188480+00:00 [queued]>
[2023-01-23T15:41:25.494+0000] {taskinstance.py:1083} INFO - Dependencies all met for <TaskInstance: data_extraction_and_loading_13.load_data manual__2023-01-23T15:41:23.188480+00:00 [queued]>
[2023-01-23T15:41:25.495+0000] {taskinstance.py:1279} INFO - 
--------------------------------------------------------------------------------
[2023-01-23T15:41:25.495+0000] {taskinstance.py:1280} INFO - Starting attempt 1 of 3
[2023-01-23T15:41:25.496+0000] {taskinstance.py:1281} INFO - 
--------------------------------------------------------------------------------
[2023-01-23T15:41:25.504+0000] {taskinstance.py:1300} INFO - Executing <Task(PythonOperator): load_data> on 2023-01-23 15:41:23.188480+00:00
[2023-01-23T15:41:25.508+0000] {standard_task_runner.py:55} INFO - Started process 3875 to run task
[2023-01-23T15:41:25.512+0000] {standard_task_runner.py:82} INFO - Running: ['***', 'tasks', 'run', 'data_extraction_and_loading_13', 'load_data', 'manual__2023-01-23T15:41:23.188480+00:00', '--job-id', '144', '--raw', '--subdir', 'DAGS_FOLDER/pipeline.py', '--cfg-path', '/tmp/tmp9kvt61g3']
[2023-01-23T15:41:25.514+0000] {standard_task_runner.py:83} INFO - Job 144: Subtask load_data
[2023-01-23T15:41:25.524+0000] {logging_mixin.py:137} WARNING - /home/***/.local/lib/python3.7/site-packages/***/settings.py:249 DeprecationWarning: The sql_alchemy_conn option in [core] has been moved to the sql_alchemy_conn option in [database] - the old setting has been used, but please update your config.
[2023-01-23T15:41:25.557+0000] {task_command.py:388} INFO - Running <TaskInstance: data_extraction_and_loading_13.load_data manual__2023-01-23T15:41:23.188480+00:00 [running]> on host 1b696c32fad4
[2023-01-23T15:41:25.599+0000] {taskinstance.py:1509} INFO - Exporting the following env vars:
AIRFLOW_CTX_DAG_OWNER=abdessamad
AIRFLOW_CTX_DAG_ID=data_extraction_and_loading_13
AIRFLOW_CTX_TASK_ID=load_data
AIRFLOW_CTX_EXECUTION_DATE=2023-01-23T15:41:23.188480+00:00
AIRFLOW_CTX_TRY_NUMBER=1
AIRFLOW_CTX_DAG_RUN_ID=manual__2023-01-23T15:41:23.188480+00:00
[2023-01-23T15:41:25.607+0000] {logging_mixin.py:137} INFO - we got our shit ########### 9lawi
[2023-01-23T15:41:25.608+0000] {python.py:177} INFO - Done. Returned value was: None
[2023-01-23T15:41:25.615+0000] {taskinstance.py:1323} INFO - Marking task as SUCCESS. dag_id=data_extraction_and_loading_13, task_id=load_data, execution_date=20230123T154123, start_date=20230123T154125, end_date=20230123T154125
[2023-01-23T15:41:25.644+0000] {local_task_job.py:208} INFO - Task exited with return code 0
[2023-01-23T15:41:25.658+0000] {taskinstance.py:2578} INFO - 0 downstream tasks scheduled from follow-on schedule check
