[2023-01-23T13:54:31.838+0000] {taskinstance.py:1083} INFO - Dependencies all met for <TaskInstance: data_extractor_dag.extract_data manual__2023-01-23T13:54:31.124077+00:00 [queued]>
[2023-01-23T13:54:31.847+0000] {taskinstance.py:1083} INFO - Dependencies all met for <TaskInstance: data_extractor_dag.extract_data manual__2023-01-23T13:54:31.124077+00:00 [queued]>
[2023-01-23T13:54:31.852+0000] {taskinstance.py:1279} INFO - 
--------------------------------------------------------------------------------
[2023-01-23T13:54:31.856+0000] {taskinstance.py:1280} INFO - Starting attempt 1 of 2
[2023-01-23T13:54:31.859+0000] {taskinstance.py:1281} INFO - 
--------------------------------------------------------------------------------
[2023-01-23T13:54:31.883+0000] {taskinstance.py:1300} INFO - Executing <Task(PythonOperator): extract_data> on 2023-01-23 13:54:31.124077+00:00
[2023-01-23T13:54:31.891+0000] {standard_task_runner.py:55} INFO - Started process 236 to run task
[2023-01-23T13:54:31.897+0000] {standard_task_runner.py:82} INFO - Running: ['***', 'tasks', 'run', 'data_extractor_dag', 'extract_data', 'manual__2023-01-23T13:54:31.124077+00:00', '--job-id', '3', '--raw', '--subdir', 'DAGS_FOLDER/pipeline.py', '--cfg-path', '/tmp/tmpw79chy3n']
[2023-01-23T13:54:31.902+0000] {standard_task_runner.py:83} INFO - Job 3: Subtask extract_data
[2023-01-23T13:54:31.913+0000] {logging_mixin.py:137} WARNING - /home/***/.local/lib/python3.7/site-packages/***/settings.py:249 DeprecationWarning: The sql_alchemy_conn option in [core] has been moved to the sql_alchemy_conn option in [database] - the old setting has been used, but please update your config.
[2023-01-23T13:54:31.952+0000] {task_command.py:388} INFO - Running <TaskInstance: data_extractor_dag.extract_data manual__2023-01-23T13:54:31.124077+00:00 [running]> on host 1b696c32fad4
[2023-01-23T13:54:32.002+0000] {taskinstance.py:1509} INFO - Exporting the following env vars:
AIRFLOW_CTX_DAG_OWNER=you
AIRFLOW_CTX_DAG_ID=data_extractor_dag
AIRFLOW_CTX_TASK_ID=extract_data
AIRFLOW_CTX_EXECUTION_DATE=2023-01-23T13:54:31.124077+00:00
AIRFLOW_CTX_TRY_NUMBER=1
AIRFLOW_CTX_DAG_RUN_ID=manual__2023-01-23T13:54:31.124077+00:00
[2023-01-23T13:55:18.509+0000] {python.py:177} INFO - Done. Returned value was: None
[2023-01-23T13:55:18.552+0000] {taskinstance.py:1323} INFO - Marking task as SUCCESS. dag_id=data_extractor_dag, task_id=extract_data, execution_date=20230123T135431, start_date=20230123T135431, end_date=20230123T135518
[2023-01-23T13:55:18.624+0000] {local_task_job.py:208} INFO - Task exited with return code 0
[2023-01-23T13:55:18.643+0000] {taskinstance.py:2578} INFO - 0 downstream tasks scheduled from follow-on schedule check
