[2023-01-23T14:50:28.873+0000] {taskinstance.py:1083} INFO - Dependencies all met for <TaskInstance: data_extraction_and_loading_5.extract_data scheduled__2022-01-27T00:00:00+00:00 [queued]>
[2023-01-23T14:50:28.911+0000] {taskinstance.py:1083} INFO - Dependencies all met for <TaskInstance: data_extraction_and_loading_5.extract_data scheduled__2022-01-27T00:00:00+00:00 [queued]>
[2023-01-23T14:50:28.915+0000] {taskinstance.py:1279} INFO - 
--------------------------------------------------------------------------------
[2023-01-23T14:50:28.921+0000] {taskinstance.py:1280} INFO - Starting attempt 1 of 2
[2023-01-23T14:50:28.922+0000] {taskinstance.py:1281} INFO - 
--------------------------------------------------------------------------------
[2023-01-23T14:50:29.379+0000] {taskinstance.py:1300} INFO - Executing <Task(PythonOperator): extract_data> on 2022-01-27 00:00:00+00:00
[2023-01-23T14:50:29.506+0000] {standard_task_runner.py:55} INFO - Started process 2198 to run task
[2023-01-23T14:50:29.588+0000] {standard_task_runner.py:82} INFO - Running: ['***', 'tasks', 'run', 'data_extraction_and_loading_5', 'extract_data', 'scheduled__2022-01-27T00:00:00+00:00', '--job-id', '105', '--raw', '--subdir', 'DAGS_FOLDER/pipeline.py', '--cfg-path', '/tmp/tmpdo0lteuh']
[2023-01-23T14:50:29.636+0000] {standard_task_runner.py:83} INFO - Job 105: Subtask extract_data
[2023-01-23T14:50:29.851+0000] {logging_mixin.py:137} WARNING - /home/***/.local/lib/python3.7/site-packages/***/settings.py:249 DeprecationWarning: The sql_alchemy_conn option in [core] has been moved to the sql_alchemy_conn option in [database] - the old setting has been used, but please update your config.
[2023-01-23T14:50:30.000+0000] {logging_mixin.py:137} WARNING - /home/***/.local/lib/python3.7/site-packages/***/utils/sqlalchemy.py:124 DeprecationWarning: The sql_alchemy_conn option in [core] has been moved to the sql_alchemy_conn option in [database] - the old setting has been used, but please update your config.
[2023-01-23T14:50:30.199+0000] {task_command.py:388} INFO - Running <TaskInstance: data_extraction_and_loading_5.extract_data scheduled__2022-01-27T00:00:00+00:00 [running]> on host 1b696c32fad4
[2023-01-23T14:50:30.778+0000] {taskinstance.py:1509} INFO - Exporting the following env vars:
AIRFLOW_CTX_DAG_OWNER=abdessamad
AIRFLOW_CTX_DAG_ID=data_extraction_and_loading_5
AIRFLOW_CTX_TASK_ID=extract_data
AIRFLOW_CTX_EXECUTION_DATE=2022-01-27T00:00:00+00:00
AIRFLOW_CTX_TRY_NUMBER=1
AIRFLOW_CTX_DAG_RUN_ID=scheduled__2022-01-27T00:00:00+00:00
[2023-01-23T14:52:12.302+0000] {logging_mixin.py:137} INFO - Error
[2023-01-23T14:52:12.414+0000] {logging_mixin.py:137} INFO - Error
[2023-01-23T14:52:12.533+0000] {logging_mixin.py:137} INFO - Error
[2023-01-23T14:52:12.632+0000] {logging_mixin.py:137} INFO - Error
[2023-01-23T14:52:12.635+0000] {logging_mixin.py:137} INFO - Can't pickle local object 'PoolManager.__init__.<locals>.<lambda>'
[2023-01-23T14:52:13.100+0000] {python.py:177} INFO - Done. Returned value was: None
[2023-01-23T14:52:13.155+0000] {taskinstance.py:1323} INFO - Marking task as SUCCESS. dag_id=data_extraction_and_loading_5, task_id=extract_data, execution_date=20220127T000000, start_date=20230123T145028, end_date=20230123T145213
[2023-01-23T14:52:13.294+0000] {local_task_job.py:208} INFO - Task exited with return code 0
[2023-01-23T14:52:13.380+0000] {taskinstance.py:2578} INFO - 1 downstream tasks scheduled from follow-on schedule check
