[2023-01-23T15:34:24.394+0000] {taskinstance.py:1083} INFO - Dependencies all met for <TaskInstance: data_extraction_and_loading_11.load_data manual__2023-01-23T15:34:22.749508+00:00 [queued]>
[2023-01-23T15:34:24.402+0000] {taskinstance.py:1083} INFO - Dependencies all met for <TaskInstance: data_extraction_and_loading_11.load_data manual__2023-01-23T15:34:22.749508+00:00 [queued]>
[2023-01-23T15:34:24.403+0000] {taskinstance.py:1279} INFO - 
--------------------------------------------------------------------------------
[2023-01-23T15:34:24.404+0000] {taskinstance.py:1280} INFO - Starting attempt 1 of 2
[2023-01-23T15:34:24.405+0000] {taskinstance.py:1281} INFO - 
--------------------------------------------------------------------------------
[2023-01-23T15:34:24.413+0000] {taskinstance.py:1300} INFO - Executing <Task(PythonOperator): load_data> on 2023-01-23 15:34:22.749508+00:00
[2023-01-23T15:34:24.419+0000] {standard_task_runner.py:55} INFO - Started process 3642 to run task
[2023-01-23T15:34:24.422+0000] {standard_task_runner.py:82} INFO - Running: ['***', 'tasks', 'run', 'data_extraction_and_loading_11', 'load_data', 'manual__2023-01-23T15:34:22.749508+00:00', '--job-id', '140', '--raw', '--subdir', 'DAGS_FOLDER/pipeline.py', '--cfg-path', '/tmp/tmpwekkaszg']
[2023-01-23T15:34:24.424+0000] {standard_task_runner.py:83} INFO - Job 140: Subtask load_data
[2023-01-23T15:34:24.436+0000] {logging_mixin.py:137} WARNING - /home/***/.local/lib/python3.7/site-packages/***/settings.py:249 DeprecationWarning: The sql_alchemy_conn option in [core] has been moved to the sql_alchemy_conn option in [database] - the old setting has been used, but please update your config.
[2023-01-23T15:34:24.469+0000] {task_command.py:388} INFO - Running <TaskInstance: data_extraction_and_loading_11.load_data manual__2023-01-23T15:34:22.749508+00:00 [running]> on host 1b696c32fad4
[2023-01-23T15:34:24.512+0000] {taskinstance.py:1509} INFO - Exporting the following env vars:
AIRFLOW_CTX_DAG_OWNER=abdessamad
AIRFLOW_CTX_DAG_ID=data_extraction_and_loading_11
AIRFLOW_CTX_TASK_ID=load_data
AIRFLOW_CTX_EXECUTION_DATE=2023-01-23T15:34:22.749508+00:00
AIRFLOW_CTX_TRY_NUMBER=1
AIRFLOW_CTX_DAG_RUN_ID=manual__2023-01-23T15:34:22.749508+00:00
[2023-01-23T15:34:24.526+0000] {logging_mixin.py:137} INFO - we got our shit ########### None
[2023-01-23T15:34:24.527+0000] {python.py:177} INFO - Done. Returned value was: None
[2023-01-23T15:34:24.534+0000] {taskinstance.py:1323} INFO - Marking task as SUCCESS. dag_id=data_extraction_and_loading_11, task_id=load_data, execution_date=20230123T153422, start_date=20230123T153424, end_date=20230123T153424
[2023-01-23T15:34:24.554+0000] {local_task_job.py:208} INFO - Task exited with return code 0
[2023-01-23T15:34:24.566+0000] {taskinstance.py:2578} INFO - 0 downstream tasks scheduled from follow-on schedule check
