[2023-01-29T21:25:01.952+0000] {taskinstance.py:1083} INFO - Dependencies all met for <TaskInstance: data_pipeline_2.load_data_task_data_scientist manual__2023-01-29T21:23:30.901848+00:00 [queued]>
[2023-01-29T21:25:01.984+0000] {taskinstance.py:1083} INFO - Dependencies all met for <TaskInstance: data_pipeline_2.load_data_task_data_scientist manual__2023-01-29T21:23:30.901848+00:00 [queued]>
[2023-01-29T21:25:01.985+0000] {taskinstance.py:1279} INFO - 
--------------------------------------------------------------------------------
[2023-01-29T21:25:01.985+0000] {taskinstance.py:1280} INFO - Starting attempt 1 of 3
[2023-01-29T21:25:01.985+0000] {taskinstance.py:1281} INFO - 
--------------------------------------------------------------------------------
[2023-01-29T21:25:02.040+0000] {taskinstance.py:1300} INFO - Executing <Task(PythonOperator): load_data_task_data_scientist> on 2023-01-29 21:23:30.901848+00:00
[2023-01-29T21:25:02.063+0000] {standard_task_runner.py:55} INFO - Started process 2479 to run task
[2023-01-29T21:25:02.082+0000] {standard_task_runner.py:82} INFO - Running: ['***', 'tasks', 'run', 'data_pipeline_2', 'load_data_task_data_scientist', 'manual__2023-01-29T21:23:30.901848+00:00', '--job-id', '33', '--raw', '--subdir', 'DAGS_FOLDER/etl_dag.py', '--cfg-path', '/tmp/tmpvya3ll0q']
[2023-01-29T21:25:02.090+0000] {standard_task_runner.py:83} INFO - Job 33: Subtask load_data_task_data_scientist
[2023-01-29T21:25:02.150+0000] {logging_mixin.py:137} WARNING - /home/***/.local/lib/python3.7/site-packages/***/settings.py:249 DeprecationWarning: The sql_alchemy_conn option in [core] has been moved to the sql_alchemy_conn option in [database] - the old setting has been used, but please update your config.
[2023-01-29T21:25:02.277+0000] {task_command.py:388} INFO - Running <TaskInstance: data_pipeline_2.load_data_task_data_scientist manual__2023-01-29T21:23:30.901848+00:00 [running]> on host 84fb6dd1372f
[2023-01-29T21:25:02.572+0000] {taskinstance.py:1509} INFO - Exporting the following env vars:
AIRFLOW_CTX_DAG_OWNER=abdessamad
AIRFLOW_CTX_DAG_ID=data_pipeline_2
AIRFLOW_CTX_TASK_ID=load_data_task_data_scientist
AIRFLOW_CTX_EXECUTION_DATE=2023-01-29T21:23:30.901848+00:00
AIRFLOW_CTX_TRY_NUMBER=1
AIRFLOW_CTX_DAG_RUN_ID=manual__2023-01-29T21:23:30.901848+00:00
[2023-01-29T21:25:02.710+0000] {python.py:177} INFO - Done. Returned value was: None
[2023-01-29T21:25:02.735+0000] {taskinstance.py:1323} INFO - Marking task as SUCCESS. dag_id=data_pipeline_2, task_id=load_data_task_data_scientist, execution_date=20230129T212330, start_date=20230129T212501, end_date=20230129T212502
[2023-01-29T21:25:02.817+0000] {local_task_job.py:208} INFO - Task exited with return code 0
[2023-01-29T21:25:02.861+0000] {taskinstance.py:2578} INFO - 0 downstream tasks scheduled from follow-on schedule check
