[2023-01-24T15:41:33.237+0000] {taskinstance.py:1083} INFO - Dependencies all met for <TaskInstance: etl_pipeline.transform_data manual__2023-01-24T15:41:00.207534+00:00 [queued]>
[2023-01-24T15:41:33.256+0000] {taskinstance.py:1083} INFO - Dependencies all met for <TaskInstance: etl_pipeline.transform_data manual__2023-01-24T15:41:00.207534+00:00 [queued]>
[2023-01-24T15:41:33.257+0000] {taskinstance.py:1279} INFO - 
--------------------------------------------------------------------------------
[2023-01-24T15:41:33.257+0000] {taskinstance.py:1280} INFO - Starting attempt 1 of 3
[2023-01-24T15:41:33.257+0000] {taskinstance.py:1281} INFO - 
--------------------------------------------------------------------------------
[2023-01-24T15:41:33.286+0000] {taskinstance.py:1300} INFO - Executing <Task(PythonOperator): transform_data> on 2023-01-24 15:41:00.207534+00:00
[2023-01-24T15:41:33.293+0000] {standard_task_runner.py:55} INFO - Started process 1039 to run task
[2023-01-24T15:41:33.308+0000] {standard_task_runner.py:82} INFO - Running: ['***', 'tasks', 'run', 'etl_pipeline', 'transform_data', 'manual__2023-01-24T15:41:00.207534+00:00', '--job-id', '34', '--raw', '--subdir', 'DAGS_FOLDER/pipeline.py', '--cfg-path', '/tmp/tmpiee5tijw']
[2023-01-24T15:41:33.311+0000] {standard_task_runner.py:83} INFO - Job 34: Subtask transform_data
[2023-01-24T15:41:33.332+0000] {logging_mixin.py:137} WARNING - /home/***/.local/lib/python3.7/site-packages/***/settings.py:249 DeprecationWarning: The sql_alchemy_conn option in [core] has been moved to the sql_alchemy_conn option in [database] - the old setting has been used, but please update your config.
[2023-01-24T15:41:33.389+0000] {task_command.py:388} INFO - Running <TaskInstance: etl_pipeline.transform_data manual__2023-01-24T15:41:00.207534+00:00 [running]> on host b054b8922d61
[2023-01-24T15:41:33.476+0000] {taskinstance.py:1509} INFO - Exporting the following env vars:
AIRFLOW_CTX_DAG_OWNER=abdessamad
AIRFLOW_CTX_DAG_ID=etl_pipeline
AIRFLOW_CTX_TASK_ID=transform_data
AIRFLOW_CTX_EXECUTION_DATE=2023-01-24T15:41:00.207534+00:00
AIRFLOW_CTX_TRY_NUMBER=1
AIRFLOW_CTX_DAG_RUN_ID=manual__2023-01-24T15:41:00.207534+00:00
[2023-01-24T15:41:33.582+0000] {python.py:177} INFO - Done. Returned value was: None
[2023-01-24T15:41:33.594+0000] {taskinstance.py:1323} INFO - Marking task as SUCCESS. dag_id=etl_pipeline, task_id=transform_data, execution_date=20230124T154100, start_date=20230124T154133, end_date=20230124T154133
[2023-01-24T15:41:33.634+0000] {local_task_job.py:208} INFO - Task exited with return code 0
[2023-01-24T15:41:33.655+0000] {taskinstance.py:2578} INFO - 0 downstream tasks scheduled from follow-on schedule check
