[2023-01-29T21:25:12.401+0000] {taskinstance.py:1083} INFO - Dependencies all met for <TaskInstance: data_pipeline_2.load_data_task_business_analyst manual__2023-01-29T21:23:30.901848+00:00 [queued]>
[2023-01-29T21:25:12.441+0000] {taskinstance.py:1083} INFO - Dependencies all met for <TaskInstance: data_pipeline_2.load_data_task_business_analyst manual__2023-01-29T21:23:30.901848+00:00 [queued]>
[2023-01-29T21:25:12.441+0000] {taskinstance.py:1279} INFO - 
--------------------------------------------------------------------------------
[2023-01-29T21:25:12.442+0000] {taskinstance.py:1280} INFO - Starting attempt 1 of 3
[2023-01-29T21:25:12.442+0000] {taskinstance.py:1281} INFO - 
--------------------------------------------------------------------------------
[2023-01-29T21:25:12.513+0000] {taskinstance.py:1300} INFO - Executing <Task(PythonOperator): load_data_task_business_analyst> on 2023-01-29 21:23:30.901848+00:00
[2023-01-29T21:25:12.535+0000] {standard_task_runner.py:55} INFO - Started process 2484 to run task
[2023-01-29T21:25:12.554+0000] {standard_task_runner.py:82} INFO - Running: ['***', 'tasks', 'run', 'data_pipeline_2', 'load_data_task_business_analyst', 'manual__2023-01-29T21:23:30.901848+00:00', '--job-id', '34', '--raw', '--subdir', 'DAGS_FOLDER/etl_dag.py', '--cfg-path', '/tmp/tmpty0p1nzx']
[2023-01-29T21:25:12.566+0000] {standard_task_runner.py:83} INFO - Job 34: Subtask load_data_task_business_analyst
[2023-01-29T21:25:12.661+0000] {logging_mixin.py:137} WARNING - /home/***/.local/lib/python3.7/site-packages/***/settings.py:249 DeprecationWarning: The sql_alchemy_conn option in [core] has been moved to the sql_alchemy_conn option in [database] - the old setting has been used, but please update your config.
[2023-01-29T21:25:12.891+0000] {task_command.py:388} INFO - Running <TaskInstance: data_pipeline_2.load_data_task_business_analyst manual__2023-01-29T21:23:30.901848+00:00 [running]> on host 84fb6dd1372f
[2023-01-29T21:25:13.117+0000] {taskinstance.py:1509} INFO - Exporting the following env vars:
AIRFLOW_CTX_DAG_OWNER=abdessamad
AIRFLOW_CTX_DAG_ID=data_pipeline_2
AIRFLOW_CTX_TASK_ID=load_data_task_business_analyst
AIRFLOW_CTX_EXECUTION_DATE=2023-01-29T21:23:30.901848+00:00
AIRFLOW_CTX_TRY_NUMBER=1
AIRFLOW_CTX_DAG_RUN_ID=manual__2023-01-29T21:23:30.901848+00:00
[2023-01-29T21:25:13.264+0000] {python.py:177} INFO - Done. Returned value was: None
[2023-01-29T21:25:13.284+0000] {taskinstance.py:1323} INFO - Marking task as SUCCESS. dag_id=data_pipeline_2, task_id=load_data_task_business_analyst, execution_date=20230129T212330, start_date=20230129T212512, end_date=20230129T212513
[2023-01-29T21:25:13.370+0000] {local_task_job.py:208} INFO - Task exited with return code 0
[2023-01-29T21:25:13.400+0000] {taskinstance.py:2578} INFO - 0 downstream tasks scheduled from follow-on schedule check
