[2023-01-23T15:11:42.839+0000] {taskinstance.py:1083} INFO - Dependencies all met for <TaskInstance: data_extraction_and_loading_7.extract_data manual__2023-01-23T15:11:41.902001+00:00 [queued]>
[2023-01-23T15:11:42.847+0000] {taskinstance.py:1083} INFO - Dependencies all met for <TaskInstance: data_extraction_and_loading_7.extract_data manual__2023-01-23T15:11:41.902001+00:00 [queued]>
[2023-01-23T15:11:42.848+0000] {taskinstance.py:1279} INFO - 
--------------------------------------------------------------------------------
[2023-01-23T15:11:42.849+0000] {taskinstance.py:1280} INFO - Starting attempt 1 of 2
[2023-01-23T15:11:42.850+0000] {taskinstance.py:1281} INFO - 
--------------------------------------------------------------------------------
[2023-01-23T15:11:42.861+0000] {taskinstance.py:1300} INFO - Executing <Task(PythonOperator): extract_data> on 2023-01-23 15:11:41.902001+00:00
[2023-01-23T15:11:42.868+0000] {standard_task_runner.py:55} INFO - Started process 2902 to run task
[2023-01-23T15:11:42.871+0000] {standard_task_runner.py:82} INFO - Running: ['***', 'tasks', 'run', 'data_extraction_and_loading_7', 'extract_data', 'manual__2023-01-23T15:11:41.902001+00:00', '--job-id', '127', '--raw', '--subdir', 'DAGS_FOLDER/pipeline.py', '--cfg-path', '/tmp/tmp8ms54jaj']
[2023-01-23T15:11:42.873+0000] {standard_task_runner.py:83} INFO - Job 127: Subtask extract_data
[2023-01-23T15:11:42.888+0000] {logging_mixin.py:137} WARNING - /home/***/.local/lib/python3.7/site-packages/***/settings.py:249 DeprecationWarning: The sql_alchemy_conn option in [core] has been moved to the sql_alchemy_conn option in [database] - the old setting has been used, but please update your config.
[2023-01-23T15:11:42.928+0000] {task_command.py:388} INFO - Running <TaskInstance: data_extraction_and_loading_7.extract_data manual__2023-01-23T15:11:41.902001+00:00 [running]> on host 1b696c32fad4
[2023-01-23T15:11:42.974+0000] {taskinstance.py:1509} INFO - Exporting the following env vars:
AIRFLOW_CTX_DAG_OWNER=abdessamad
AIRFLOW_CTX_DAG_ID=data_extraction_and_loading_7
AIRFLOW_CTX_TASK_ID=extract_data
AIRFLOW_CTX_EXECUTION_DATE=2023-01-23T15:11:41.902001+00:00
AIRFLOW_CTX_TRY_NUMBER=1
AIRFLOW_CTX_DAG_RUN_ID=manual__2023-01-23T15:11:41.902001+00:00
[2023-01-23T15:12:17.937+0000] {logging_mixin.py:137} INFO - Error
[2023-01-23T15:12:17.995+0000] {logging_mixin.py:137} INFO - Error
[2023-01-23T15:12:17.997+0000] {logging_mixin.py:137} INFO - Can't pickle local object 'PoolManager.__init__.<locals>.<lambda>'
[2023-01-23T15:12:18.169+0000] {python.py:177} INFO - Done. Returned value was: None
[2023-01-23T15:12:18.210+0000] {taskinstance.py:1323} INFO - Marking task as SUCCESS. dag_id=data_extraction_and_loading_7, task_id=extract_data, execution_date=20230123T151141, start_date=20230123T151142, end_date=20230123T151218
[2023-01-23T15:12:18.261+0000] {local_task_job.py:208} INFO - Task exited with return code 0
[2023-01-23T15:12:18.303+0000] {taskinstance.py:2578} INFO - 1 downstream tasks scheduled from follow-on schedule check
